Log file open, 11/13/17 11:10:23
LogWindows: Failed to load 'aqProf.dll' (GetLastError=126)
LogWindows: File 'aqProf.dll' does not exist
LogWindows: Failed to load 'VtuneApi.dll' (GetLastError=126)
LogWindows: File 'VtuneApi.dll' does not exist
LogWindows: Failed to load 'VtuneApi32e.dll' (GetLastError=126)
LogWindows: File 'VtuneApi32e.dll' does not exist
LogInit: Display: Running engine for game: proj_08
LogPlatformFile: Not using cached read wrapper
LogInit: Display: RandInit(-1707185585) SRandInit(-1707185585).
LogInit: Read version file with build ID '3709383'
LogInit: Overriding engine version to CL 3709383, compatible CL 3709383
LogInit: Registered custom module enumerator with build ID '3709383'
LogTaskGraph: Started task graph with 5 named threads and 14 total threads with 3 sets of task threads.
LogStats: Stats thread started at 3.925741
LogD3D11RHI: Aftermath initialized
LogModuleManager: Display: Found up-to-date module file ../../../Engine/Plugins/2D/Paper2D/Binaries/Win64/UE4Editor-Paper2D.dll (API version 3709383).
LogModuleManager: Display: Found up-to-date module file ../../../Engine/Plugins/2D/Paper2D/Binaries/Win64/UE4Editor-Paper2DEditor.dll (API version 3709383).
LogModuleManager: Display: Found up-to-date module file ../../../Engine/Plugins/2D/Paper2D/Binaries/Win64/UE4Editor-PaperSpriteSheetImporter.dll (API version 3709383).
LogModuleManager: Display: Found up-to-date module file ../../../Engine/Plugins/2D/Paper2D/Binaries/Win64/UE4Editor-PaperTiledImporter.dll (API version 3709383).
LogModuleManager: Display: Found up-to-date module file ../../../Engine/Plugins/2D/Paper2D/Binaries/Win64/UE4Editor-SmartSnapping.dll (API version 3709383).
LogModuleManager: Display: Found up-to-date module file ../../../Engine/Plugins/Blendables/LightPropagationVolume/Binaries/Win64/UE4Editor-LightPropagationVolumeRuntime.dll (API version 3709383).
LogModuleManager: Display: Found up-to-date module file ../../../Engine/Plugins/Blendables/LightPropagationVolume/Binaries/Win64/UE4Editor-LightPropagationVolumeEditor.dll (API version 3709383).
LogModuleManager: Display: Found up-to-date module file ../../../Engine/Plugins/Developer/GitSourceControl/Binaries/Win64/UE4Editor-GitSourceControl.dll (API version 3709383).
LogModuleManager: Display: Found up-to-date module file ../../../Engine/Plugins/Developer/PerforceSourceControl/Binaries/Win64/UE4Editor-PerforceSourceControl.dll (API version 3709383).
LogModuleManager: Display: Found up-to-date module file ../../../Engine/Plugins/Developer/SubversionSourceControl/Binaries/Win64/UE4Editor-SubversionSourceControl.dll (API version 3709383).
LogModuleManager: Display: Found up-to-date module file ../../../Engine/Plugins/Developer/UObjectPlugin/Binaries/Win64/UE4Editor-UObjectPlugin.dll (API version 3709383).
LogModuleManager: Display: Found up-to-date module file ../../../Engine/Plugins/Developer/VisualStudioCodeSourceCodeAccess/Binaries/Win64/UE4Editor-VisualStudioCodeSourceCodeAccess.dll (API version 3709383).
LogModuleManager: Display: Found up-to-date module file ../../../Engine/Plugins/Developer/VisualStudioSourceCodeAccess/Binaries/Win64/UE4Editor-VisualStudioSourceCodeAccess.dll (API version 3709383).
LogModuleManager: Display: Found up-to-date module file ../../../Engine/Plugins/Editor/AssetManagerEditor/Binaries/Win64/UE4Editor-AssetManagerEditor.dll (API version 3709383).
LogModuleManager: Display: Found up-to-date module file ../../../Engine/Plugins/Editor/AudioCapture/Binaries/Win64/UE4Editor-AudioCapture.dll (API version 3709383).
LogModuleManager: Display: Found up-to-date module file ../../../Engine/Plugins/Editor/FacialAnimation/Binaries/Win64/UE4Editor-FacialAnimation.dll (API version 3709383).
LogModuleManager: Display: Found up-to-date module file ../../../Engine/Plugins/Editor/FacialAnimation/Binaries/Win64/UE4Editor-FacialAnimationEditor.dll (API version 3709383).
LogModuleManager: Display: Found up-to-date module file ../../../Engine/Plugins/Editor/GameplayTagsEditor/Binaries/Win64/UE4Editor-GameplayTagsEditor.dll (API version 3709383).
LogModuleManager: Display: Found up-to-date module file ../../../Engine/Plugins/Editor/MobileLauncherProfileWizard/Binaries/Win64/UE4Editor-MobileLauncherProfileWizard.dll (API version 3709383).
LogModuleManager: Display: Found up-to-date module file ../../../Engine/Plugins/Editor/PluginBrowser/Binaries/Win64/UE4Editor-PluginBrowser.dll (API version 3709383).
LogModuleManager: Display: Found up-to-date module file ../../../Engine/Plugins/Editor/SpeedTreeImporter/Binaries/Win64/UE4Editor-SpeedTreeImporter.dll (API version 3709383).
LogModuleManager: Display: Found up-to-date module file ../../../Engine/Plugins/Experimental/AlembicImporter/Binaries/Win64/UE4Editor-AlembicImporter.dll (API version 3709383).
LogModuleManager: Display: Found up-to-date module file ../../../Engine/Plugins/Experimental/AlembicImporter/Binaries/Win64/UE4Editor-AlembicLibrary.dll (API version 3709383).
LogModuleManager: Display: Found up-to-date module file ../../../Engine/Plugins/Experimental/CharacterAI/Binaries/Win64/UE4Editor-CharacterAI.dll (API version 3709383).
LogModuleManager: Display: Found up-to-date module file ../../../Engine/Plugins/Experimental/HTML5Networking/Binaries/Win64/UE4Editor-HTML5Networking.dll (API version 3709383).
LogModuleManager: Display: Found up-to-date module file ../../../Engine/Plugins/Media/AndroidMedia/Binaries/Win64/UE4Editor-AndroidMediaEditor.dll (API version 3709383).
LogModuleManager: Display: Found up-to-date module file ../../../Engine/Plugins/Media/AndroidMedia/Binaries/Win64/UE4Editor-AndroidMediaFactory.dll (API version 3709383).
LogModuleManager: Display: Found up-to-date module file ../../../Engine/Plugins/Media/AvfMedia/Binaries/Win64/UE4Editor-AvfMediaEditor.dll (API version 3709383).
LogModuleManager: Display: Found up-to-date module file ../../../Engine/Plugins/Media/AvfMedia/Binaries/Win64/UE4Editor-AvfMediaFactory.dll (API version 3709383).
LogModuleManager: Display: Found up-to-date module file ../../../Engine/Plugins/Media/AvfMedia/Binaries/Win64/UE4Editor-AvfMediaFactory.dll (API version 3709383).
LogModuleManager: Display: Found up-to-date module file ../../../Engine/Plugins/Media/ImgMedia/Binaries/Win64/UE4Editor-ImgMedia.dll (API version 3709383).
LogModuleManager: Display: Found up-to-date module file ../../../Engine/Plugins/Media/ImgMedia/Binaries/Win64/UE4Editor-ImgMediaEditor.dll (API version 3709383).
LogModuleManager: Display: Found up-to-date module file ../../../Engine/Plugins/Media/ImgMedia/Binaries/Win64/UE4Editor-ImgMediaFactory.dll (API version 3709383).
LogModuleManager: Display: Found up-to-date module file ../../../Engine/Plugins/Media/ImgMedia/Binaries/Win64/UE4Editor-ImgMediaFactory.dll (API version 3709383).
LogModuleManager: Display: Found up-to-date module file ../../../Engine/Plugins/Media/ImgMedia/Binaries/Win64/UE4Editor-OpenExrWrapper.dll (API version 3709383).
LogModuleManager: Display: Found up-to-date module file ../../../Engine/Plugins/Media/MediaCompositing/Binaries/Win64/UE4Editor-MediaCompositing.dll (API version 3709383).
LogModuleManager: Display: Found up-to-date module file ../../../Engine/Plugins/Media/MediaCompositing/Binaries/Win64/UE4Editor-MediaCompositingEditor.dll (API version 3709383).
LogModuleManager: Display: Found up-to-date module file ../../../Engine/Plugins/Media/MediaPlayerEditor/Binaries/Win64/UE4Editor-MediaPlayerEditor.dll (API version 3709383).
LogModuleManager: Display: Found up-to-date module file ../../../Engine/Plugins/Media/WmfMedia/Binaries/Win64/UE4Editor-WmfMedia.dll (API version 3709383).
LogModuleManager: Display: Found up-to-date module file ../../../Engine/Plugins/Media/WmfMedia/Binaries/Win64/UE4Editor-WmfMediaEditor.dll (API version 3709383).
LogModuleManager: Display: Found up-to-date module file ../../../Engine/Plugins/Media/WmfMedia/Binaries/Win64/UE4Editor-WmfMediaFactory.dll (API version 3709383).
LogModuleManager: Display: Found up-to-date module file ../../../Engine/Plugins/Media/WmfMedia/Binaries/Win64/UE4Editor-WmfMediaFactory.dll (API version 3709383).
LogModuleManager: Display: Found up-to-date module file ../../../Engine/Plugins/Messaging/TcpMessaging/Binaries/Win64/UE4Editor-TcpMessaging.dll (API version 3709383).
LogModuleManager: Display: Found up-to-date module file ../../../Engine/Plugins/Messaging/UdpMessaging/Binaries/Win64/UE4Editor-UdpMessaging.dll (API version 3709383).
LogModuleManager: Display: Found up-to-date module file ../../../Engine/Plugins/MovieScene/ActorSequence/Binaries/Win64/UE4Editor-ActorSequence.dll (API version 3709383).
LogModuleManager: Display: Found up-to-date module file ../../../Engine/Plugins/MovieScene/LevelSequenceEditor/Binaries/Win64/UE4Editor-LevelSequenceEditor.dll (API version 3709383).
LogModuleManager: Display: Found up-to-date module file ../../../Engine/Plugins/MovieScene/MatineeToLevelSequence/Binaries/Win64/UE4Editor-MatineeToLevelSequence.dll (API version 3709383).
LogModuleManager: Display: Found up-to-date module file ../../../Engine/Plugins/Online/OnlineSubsystem/Binaries/Win64/UE4Editor-OnlineSubsystem.dll (API version 3709383).
LogModuleManager: Display: Found up-to-date module file ../../../Engine/Plugins/Runtime/AndroidPermission/Binaries/Win64/UE4Editor-AndroidPermission.dll (API version 3709383).
LogModuleManager: Display: Found up-to-date module file ../../../Engine/Plugins/Online/OnlineSubsystemNull/Binaries/Win64/UE4Editor-OnlineSubsystemNull.dll (API version 3709383).
LogModuleManager: Display: Found up-to-date module file ../../../Engine/Plugins/Online/OnlineSubsystemUtils/Binaries/Win64/UE4Editor-OnlineSubsystemUtils.dll (API version 3709383).
LogModuleManager: Display: Found up-to-date module file ../../../Engine/Plugins/Online/OnlineSubsystemUtils/Binaries/Win64/UE4Editor-OnlineBlueprintSupport.dll (API version 3709383).
LogModuleManager: Display: Found up-to-date module file ../../../Engine/Plugins/Runtime/AndroidDeviceProfileSelector/Binaries/Win64/UE4Editor-AndroidDeviceProfileSelector.dll (API version 3709383).
LogModuleManager: Display: Found up-to-date module file ../../../Engine/Plugins/Runtime/AppleARKit/Binaries/Win64/UE4Editor-AppleARKit.dll (API version 3709383).
LogModuleManager: Display: Found up-to-date module file ../../../Engine/Plugins/Runtime/ArchVisCharacter/Binaries/Win64/UE4Editor-ArchVisCharacter.dll (API version 3709383).
LogModuleManager: Display: Found up-to-date module file ../../../Engine/Plugins/Runtime/CableComponent/Binaries/Win64/UE4Editor-CableComponent.dll (API version 3709383).
LogModuleManager: Display: Found up-to-date module file ../../../Engine/Plugins/Runtime/CustomMeshComponent/Binaries/Win64/UE4Editor-CustomMeshComponent.dll (API version 3709383).
LogModuleManager: Display: Found up-to-date module file ../../../Engine/Plugins/Runtime/ExampleDeviceProfileSelector/Binaries/Win64/UE4Editor-ExampleDeviceProfileSelector.dll (API version 3709383).
LogModuleManager: Display: Found up-to-date module file ../../../Engine/Plugins/Runtime/ImmediatePhysics/Binaries/Win64/UE4Editor-ImmediatePhysics.dll (API version 3709383).
LogModuleManager: Display: Found up-to-date module file ../../../Engine/Plugins/Runtime/ImmediatePhysics/Binaries/Win64/UE4Editor-ImmediatePhysicsEditor.dll (API version 3709383).
LogModuleManager: Display: Found up-to-date module file ../../../Engine/Plugins/Runtime/LocationServicesBPLibrary/Binaries/Win64/UE4Editor-LocationServicesBPLibrary.dll (API version 3709383).
LogModuleManager: Display: Found up-to-date module file ../../../Engine/Plugins/Runtime/MobilePatchingUtils/Binaries/Win64/UE4Editor-MobilePatchingUtils.dll (API version 3709383).
LogModuleManager: Display: Found up-to-date module file ../../../Engine/Plugins/Runtime/Oculus/OculusVR/Binaries/Win64/UE4Editor-OculusHMD.dll (API version 3709383).
LogModuleManager: Display: Found up-to-date module file ../../../Engine/Plugins/Runtime/Oculus/OculusVR/Binaries/Win64/UE4Editor-OculusInput.dll (API version 3709383).
LogModuleManager: Display: Found up-to-date module file ../../../Engine/Plugins/Runtime/Oculus/OculusVR/Binaries/Win64/UE4Editor-OculusEditor.dll (API version 3709383).
LogModuleManager: Display: Found up-to-date module file ../../../Engine/Plugins/Runtime/PhysXVehicles/Binaries/Win64/UE4Editor-PhysXVehicles.dll (API version 3709383).
LogModuleManager: Display: Found up-to-date module file ../../../Engine/Plugins/Runtime/PhysXVehicles/Binaries/Win64/UE4Editor-PhysXVehiclesEditor.dll (API version 3709383).
LogModuleManager: Display: Found up-to-date module file ../../../Engine/Plugins/Runtime/ProceduralMeshComponent/Binaries/Win64/UE4Editor-ProceduralMeshComponent.dll (API version 3709383).
LogModuleManager: Display: Found up-to-date module file ../../../Engine/Plugins/Runtime/ProceduralMeshComponent/Binaries/Win64/UE4Editor-ProceduralMeshComponentEditor.dll (API version 3709383).
LogModuleManager: Display: Found up-to-date module file ../../../Engine/Plugins/Runtime/RuntimePhysXCooking/Binaries/Win64/UE4Editor-RuntimePhysXCooking.dll (API version 3709383).
LogModuleManager: Display: Found up-to-date module file ../../../Engine/Plugins/Runtime/WindowsMoviePlayer/Binaries/Win64/UE4Editor-WindowsMoviePlayer.dll (API version 3709383).
LogPluginManager: Mounting plugin Paper2D
LogPluginManager: Mounting plugin LightPropagationVolume
LogPluginManager: Mounting plugin CodeLiteSourceCodeAccess
LogPluginManager: Mounting plugin GitSourceControl
LogPluginManager: Mounting plugin KDevelopSourceCodeAccess
LogPluginManager: Mounting plugin NullSourceCodeAccess
LogPluginManager: Mounting plugin PerforceSourceControl
LogPluginManager: Mounting plugin SubversionSourceControl
LogPluginManager: Mounting plugin UObjectPlugin
LogPluginManager: Mounting plugin VisualStudioCodeSourceCodeAccess
LogPluginManager: Mounting plugin VisualStudioSourceCodeAccess
LogPluginManager: Mounting plugin XCodeSourceCodeAccess
LogPluginManager: Mounting plugin AssetManagerEditor
LogPluginManager: Mounting plugin AudioCapture
LogPluginManager: Mounting plugin FacialAnimation
LogPluginManager: Mounting plugin GameplayTagsEditor
LogPluginManager: Mounting plugin MobileLauncherProfileWizard
LogPluginManager: Mounting plugin PluginBrowser
LogPluginManager: Mounting plugin SpeedTreeImporter
LogPluginManager: Mounting plugin AlembicImporter
LogPluginManager: Mounting plugin CharacterAI
LogPluginManager: Mounting plugin HTML5Networking
LogPluginManager: Mounting plugin AndroidMedia
LogPluginManager: Mounting plugin AvfMedia
LogPluginManager: Mounting plugin ImgMedia
LogPluginManager: Mounting plugin MediaCompositing
LogPluginManager: Mounting plugin MediaPlayerEditor
LogPluginManager: Mounting plugin WmfMedia
LogPluginManager: Mounting plugin TcpMessaging
LogPluginManager: Mounting plugin UdpMessaging
LogPluginManager: Mounting plugin ActorSequence
LogPluginManager: Mounting plugin LevelSequenceEditor
LogPluginManager: Mounting plugin MatineeToLevelSequence
LogPluginManager: Mounting plugin OnlineSubsystemGooglePlay
LogPluginManager: Mounting plugin OnlineSubsystemIOS
LogPluginManager: Mounting plugin OnlineSubsystem
LogPluginManager: Mounting plugin OnlineSubsystemNull
LogPluginManager: Mounting plugin OnlineSubsystemUtils
LogPluginManager: Mounting plugin AndroidDeviceProfileSelector
LogPluginManager: Mounting plugin AndroidMoviePlayer
LogPluginManager: Mounting plugin AndroidPermission
LogPluginManager: Mounting plugin AppleARKit
LogPluginManager: Mounting plugin AppleMoviePlayer
LogPluginManager: Mounting plugin ArchVisCharacter
LogPluginManager: Mounting plugin CableComponent
LogPluginManager: Mounting plugin CustomMeshComponent
LogPluginManager: Mounting plugin ExampleDeviceProfileSelector
LogPluginManager: Mounting plugin GoogleCloudMessaging
LogPluginManager: Mounting plugin ImmediatePhysics
LogPluginManager: Mounting plugin IOSDeviceProfileSelector
LogPluginManager: Mounting plugin LinuxDeviceProfileSelector
LogPluginManager: Mounting plugin LocationServicesBPLibrary
LogPluginManager: Mounting plugin MobilePatchingUtils
LogPluginManager: Mounting plugin OculusVR
LogPluginManager: Plugin shader directory ../../../Engine/Plugins/Runtime/Oculus/OculusVR/Shaders found
LogPluginManager: Mapping shader source directory ../../../Engine/Plugins/Runtime/Oculus/OculusVR/Shaders to virtual directory /Plugin/OculusVR
LogPluginManager: Mounting plugin PhysXVehicles
LogPluginManager: Mounting plugin ProceduralMeshComponent
LogPluginManager: Mounting plugin RuntimePhysXCooking
LogPluginManager: Mounting plugin WindowsMoviePlayer
LogInit: Using libcurl 7.47.1
LogInit:  - built for x86_64-pc-win32
LogInit:  - supports SSL with OpenSSL/1.0.2g
LogInit:  - supports HTTP deflate (compression) using libz 1.2.8
LogInit:  - other features:
LogInit:      CURL_VERSION_SSL
LogInit:      CURL_VERSION_LIBZ
LogInit:      CURL_VERSION_IPV6
LogInit:      CURL_VERSION_ASYNCHDNS
LogInit:      CURL_VERSION_LARGEFILE
LogInit:      CURL_VERSION_IDN
LogInit:  CurlRequestOptions (configurable via config and command line):
LogInit:  - bVerifyPeer = false  - Libcurl will NOT verify peer certificate
LogInit:  - bUseHttpProxy = false  - Libcurl will NOT use HTTP proxy
LogInit:  - bDontReuseConnections = false  - Libcurl will reuse connections
LogInit:  - CertBundlePath = nullptr  - Libcurl will use whatever was configured at build time.
LogInit: Build: ++UE4+Release-4.18-CL-3709383
LogInit: Engine Version: 4.18.0-3709383+++UE4+Release-4.18
LogInit: Compatible Engine Version: 4.18.0-3709383+++UE4+Release-4.18
LogInit: Net CL: 3709383
LogDevObjectVersion: Number of dev versions registered: 16
LogDevObjectVersion:   Dev-Blueprints (B0D832E4-1F89-4F0D-ACCF-7EB736FD4AA2): 10
LogDevObjectVersion:   Dev-Build (E1C64328-A22C-4D53-A36C-8E866417BD8C): 0
LogDevObjectVersion:   Dev-Core (375EC13C-06E4-48FB-B500-84F0262A717E): 2
LogDevObjectVersion:   Dev-Editor (E4B068ED-F494-42E9-A231-DA0B2E46BB41): 20
LogDevObjectVersion:   Dev-Framework (CFFC743F-43B0-4480-9391-14DF171D2073): 30
LogDevObjectVersion:   Dev-Mobile (B02B49B5-BB20-44E9-A304-32B752E40360): 0
LogDevObjectVersion:   Dev-Networking (A4E4105C-59A1-49B5-A7C5-40C4547EDFEE): 0
LogDevObjectVersion:   Dev-Online (39C831C9-5AE6-47DC-9A44-9C173E1C8E7C): 0
LogDevObjectVersion:   Dev-Physics (78F01B33-EBEA-4F98-B9B4-84EACCB95AA2): 0
LogDevObjectVersion:   Dev-Platform (6631380F-2D4D-43E0-8009-CF276956A95A): 0
LogDevObjectVersion:   Dev-Rendering (12F88B9F-8875-4AFC-A67C-D90C383ABD29): 20
LogDevObjectVersion:   Dev-Sequencer (7B5AE74C-D270-4C10-A958-57980B212A5A): 4
LogDevObjectVersion:   Dev-VR (D7296918-1DD6-4BDD-9DE2-64A83CC13884): 0
LogDevObjectVersion:   Dev-LoadTimes (C2A15278-BFE7-4AFE-6C17-90FF531DF755): 1
LogDevObjectVersion:   Private-Geometry (6EACA3D4-40EC-4CC1-B786-8BED09428FC5): 1
LogDevObjectVersion:   Dev-AnimPhys (29E575DD-E0A3-4627-9D10-D276232CDCEA): 12
LogInit: Compiled (64-bit): Oct 20 2017 10:39:19
LogInit: Compiled with Visual C++: 19.00.24215.01
LogInit: Build Configuration: Development
LogInit: Branch Name: ++UE4+Release-4.18
LogInit: Command line:  
LogInit: Base directory: D:/Program Files/Epic Games/UE_4.18/Engine/Binaries/Win64/
LogInit: Installed Engine Build: 1
LogInit: Presizing for max 8388607 objects, including 0 objects not considered by GC, pre-allocating 0 bytes for permanent pool.
LogInit: Object subsystem initialized
[2017.11.13-03.10.26:159][  0]LogInit: Selected Device Profile: [Windows]
[2017.11.13-03.10.26:159][  0]LogInit: Applying CVar settings loaded from the selected device profile: [Windows]
[2017.11.13-03.10.26:312][  0]LogInit: Computer: DSK
[2017.11.13-03.10.26:312][  0]LogInit: User: dsk
[2017.11.13-03.10.26:312][  0]LogInit: CPU Page size=4096, Cores=4
[2017.11.13-03.10.26:312][  0]LogInit: High frequency timer resolution =2.531251 MHz
[2017.11.13-03.10.26:312][  0]LogMemory: Memory total: Physical=15.9GB (16GB approx)
[2017.11.13-03.10.26:313][  0]LogMemory: Platform Memory Stats for Windows
[2017.11.13-03.10.26:313][  0]LogMemory: Process Physical Memory: 271.87 MB used, 271.87 MB peak
[2017.11.13-03.10.26:313][  0]LogMemory: Process Virtual Memory: 269.82 MB used, 269.82 MB peak
[2017.11.13-03.10.26:313][  0]LogMemory: Physical Memory: 7344.05 MB used,  8911.21 MB free, 16255.26 MB total
[2017.11.13-03.10.26:313][  0]LogMemory: Virtual Memory: 641.13 MB used,  8911.21 MB free, 134217728.00 MB total
[2017.11.13-03.10.28:573][  0]LogInit: Overriding language with editor language configuration option (en).
[2017.11.13-03.10.28:573][  0]LogInit: Overriding locale with editor locale configuration option (en).
[2017.11.13-03.10.29:702][  0]LogInit: Setting process to per monitor DPI aware
[2017.11.13-03.10.31:159][  0]LogD3D11RHI: D3D11 adapters:
[2017.11.13-03.10.32:186][  0]LogD3D11RHI:    0. 'NVIDIA GeForce GTX 1070' (Feature Level 11_0)
[2017.11.13-03.10.32:186][  0]LogD3D11RHI:       8144/0/8127 MB DedicatedVideo/DedicatedSystem/SharedSystem, Outputs:1, VendorId:0x10de
[2017.11.13-03.10.32:224][  0]LogD3D11RHI:    1. 'Intel(R) HD Graphics 530' (Feature Level 11_0)
[2017.11.13-03.10.32:224][  0]LogD3D11RHI:       128/0/8127 MB DedicatedVideo/DedicatedSystem/SharedSystem, Outputs:0, VendorId:0x8086
[2017.11.13-03.10.32:226][  0]LogD3D11RHI:    2. 'Microsoft Basic Render Driver' (Feature Level 11_0)
[2017.11.13-03.10.32:226][  0]LogD3D11RHI:       0/0/8127 MB DedicatedVideo/DedicatedSystem/SharedSystem, Outputs:0, VendorId:0x1414
[2017.11.13-03.10.32:226][  0]LogD3D11RHI: Chosen D3D11 Adapter: 0
[2017.11.13-03.10.32:232][  0]LogD3D11RHI: Creating new Direct3DDevice
[2017.11.13-03.10.32:242][  0]LogD3D11RHI:     GPU DeviceId: 0x1ba1 (for the marketing name, search the web for "GPU Device Id")
[2017.11.13-03.10.32:242][  0]LogWindows: EnumDisplayDevices:
[2017.11.13-03.10.32:243][  0]LogWindows:    0. 'Intel(R) HD Graphics 530' (P:1 D:1)
[2017.11.13-03.10.32:243][  0]LogWindows:    1. 'Intel(R) HD Graphics 530' (P:0 D:0)
[2017.11.13-03.10.32:243][  0]LogWindows:    2. 'Intel(R) HD Graphics 530' (P:0 D:0)
[2017.11.13-03.10.32:244][  0]LogWindows:    3. 'NVIDIA GeForce GTX 1070' (P:0 D:0)
[2017.11.13-03.10.32:244][  0]LogWindows:    4. 'NVIDIA GeForce GTX 1070' (P:0 D:0)
[2017.11.13-03.10.32:244][  0]LogWindows:    5. 'NVIDIA GeForce GTX 1070' (P:0 D:0)
[2017.11.13-03.10.32:245][  0]LogWindows:    6. 'NVIDIA GeForce GTX 1070' (P:0 D:0)
[2017.11.13-03.10.32:245][  0]LogWindows: DebugString: PrimaryIsNotTheChoosenAdapter PrimaryIsNotTheChoosenAdapter PrimaryIsNotTheChoosenAdapter FoundDriverCount:4 
[2017.11.13-03.10.32:245][  0]LogD3D11RHI:     Adapter Name: NVIDIA GeForce GTX 1070
[2017.11.13-03.10.32:246][  0]LogD3D11RHI:   Driver Version: 376.33 (internal:21.21.13.7633, unified:376.33)
[2017.11.13-03.10.32:246][  0]LogD3D11RHI:      Driver Date: 12-11-2016
[2017.11.13-03.10.32:246][  0]LogRHI: Texture pool is 5701 MB (70% of 8144 MB)
[2017.11.13-03.10.32:273][  0]LogD3D11RHI: Async texture creation enabled
[2017.11.13-03.10.32:472][  0]LogD3D11RHI: GPU Timing Frequency: 1000.000000 (Debug: 2 1)
[2017.11.13-03.10.32:529][  0]LogShaderCompilers: Guid format shader working directory is 4 characters bigger than the processId version (../../../../../../video/season08/proj08/Intermediate/Shaders/WorkingDirectory/15616/).
[2017.11.13-03.10.32:529][  0]LogShaderCompilers: Cleaned the shader compiler working directory 'C:/Users/dsk/AppData/Local/Temp/UnrealShaderWorkingDir/03CD0DF4487B75052F6A29940B9AAC18/'.
[2017.11.13-03.10.32:541][  0]LogShaderCompilers: Display: Using Local Shader Compiler.
[2017.11.13-03.10.36:060][  0]LogTemp: Display: Loaded TP AllDesktopTargetPlatform
[2017.11.13-03.10.36:121][  0]LogTemp: Display: Loaded TP MacClientTargetPlatform
[2017.11.13-03.10.36:191][  0]LogTemp: Display: Loaded TP MacNoEditorTargetPlatform
[2017.11.13-03.10.36:261][  0]LogTemp: Display: Loaded TP MacServerTargetPlatform
[2017.11.13-03.10.36:347][  0]LogTemp: Display: Loaded TP MacTargetPlatform
[2017.11.13-03.10.36:454][  0]LogTemp: Display: Loaded TP WindowsClientTargetPlatform
[2017.11.13-03.10.36:546][  0]LogTemp: Display: Loaded TP WindowsNoEditorTargetPlatform
[2017.11.13-03.10.36:641][  0]LogTemp: Display: Loaded TP WindowsServerTargetPlatform
[2017.11.13-03.10.36:719][  0]LogTemp: Display: Loaded TP WindowsTargetPlatform
[2017.11.13-03.10.36:801][  0]LogTemp: Display: Loaded TP Android_ASTCTargetPlatform
[2017.11.13-03.10.36:922][  0]LogTemp: Display: Loaded TP Android_ATCTargetPlatform
[2017.11.13-03.10.37:004][  0]LogTemp: Display: Loaded TP Android_DXTTargetPlatform
[2017.11.13-03.10.37:061][  0]LogTemp: Display: Loaded TP Android_ETC1TargetPlatform
[2017.11.13-03.10.37:117][  0]LogTemp: Display: Loaded TP Android_ETC2TargetPlatform
[2017.11.13-03.10.37:242][  0]LogTemp: Display: Loaded TP Android_MultiTargetPlatform
[2017.11.13-03.10.37:243][  0]LogTemp: Display: Loaded TP Android_PVRTCTargetPlatform
[2017.11.13-03.10.37:327][  0]LogTemp: Display: Loaded TP AndroidTargetPlatform
[2017.11.13-03.10.37:383][  0]LogTemp: Display: Loaded TP HTML5TargetPlatform
[2017.11.13-03.10.37:549][  0]LogTemp: Display: Loaded TP IOSTargetPlatform
[2017.11.13-03.10.37:595][  0]LogTemp: Display: Loaded TP TVOSTargetPlatform
[2017.11.13-03.10.37:657][  0]LogTemp: Display: Loaded TP LinuxClientTargetPlatform
[2017.11.13-03.10.37:708][  0]LogTemp: Display: Loaded TP LinuxNoEditorTargetPlatform
[2017.11.13-03.10.37:767][  0]LogTemp: Display: Loaded TP LinuxServerTargetPlatform
[2017.11.13-03.10.37:870][  0]LogTemp: Display: Loaded TP LinuxTargetPlatform
[2017.11.13-03.10.37:870][  0]LogTargetPlatformManager: Display: Building Assets For Windows
[2017.11.13-03.10.38:911][  0]LogDerivedDataCache: Display: Max Cache Size: 512 MB
[2017.11.13-03.10.39:255][  0]LogDerivedDataCache: Loaded boot cache 0.34s 78MB C:/Users/dsk/AppData/Local/UnrealEngine/4.18/DerivedDataCache/Boot.ddc.
[2017.11.13-03.10.39:255][  0]LogDerivedDataCache: Display: Loaded Boot cache: C:/Users/dsk/AppData/Local/UnrealEngine/4.18/DerivedDataCache/Boot.ddc
[2017.11.13-03.10.39:255][  0]LogDerivedDataCache: FDerivedDataBackendGraph:  Pak pak cache file ../../../../../../video/season08/proj08/DerivedDataCache/DDC.ddp not found, will not use a pak cache.
[2017.11.13-03.10.39:255][  0]LogDerivedDataCache: Unable to find inner node Pak for hierarchical cache Hierarchy.
[2017.11.13-03.10.39:255][  0]LogDerivedDataCache: FDerivedDataBackendGraph:  CompressedPak pak cache file ../../../../../../video/season08/proj08/DerivedDataCache/Compressed.ddp not found, will not use a pak cache.
[2017.11.13-03.10.39:255][  0]LogDerivedDataCache: Unable to find inner node CompressedPak for hierarchical cache Hierarchy.
[2017.11.13-03.10.39:375][  0]LogDerivedDataCache: Display: Pak cache opened for reading ../../../Engine/DerivedDataCache/Compressed.ddp.
[2017.11.13-03.10.39:412][  0]LogDerivedDataCache: Using Local data cache path C:/Users/dsk/AppData/Local/UnrealEngine/Common/DerivedDataCache: Writable
[2017.11.13-03.10.39:477][  0]LogMaterial: Verifying Global Shaders for PCD3D_SM5
[2017.11.13-03.10.39:514][  0]LogSlate: Using Freetype 2.6.0
[2017.11.13-03.10.39:591][  0]LogSlate: SlateFontCache - WITH_FREETYPE: 1, WITH_HARFBUZZ: 1
[2017.11.13-03.10.39:610][  0]LogSlate: SlateFontCache - WITH_FREETYPE: 1, WITH_HARFBUZZ: 1
[2017.11.13-03.10.43:889][  0]LogInit: Selected Device Profile: [Windows]
[2017.11.13-03.10.45:716][  0]LogSimplygon: Simplygon DLL not present - disabling.
[2017.11.13-03.10.45:764][  0]LogMeshReduction: Using SimplygonSwarm for distributed automatic mesh merging
[2017.11.13-03.10.45:764][  0]LogMeshReduction: Using QuadricMeshReduction for automatic static mesh reduction
[2017.11.13-03.10.45:764][  0]LogMeshReduction: No automatic skeletal mesh reduction module available
[2017.11.13-03.10.45:764][  0]LogMeshReduction: No automatic mesh merging module available
[2017.11.13-03.10.45:764][  0]LogMeshMerging: No automatic mesh merging module available
[2017.11.13-03.10.46:217][  0]LogNetVersion: proj_08 , NetCL: 3709383, EngineNetVer: 2, GameNetVer: 0 (Checksum: 665976686)
[2017.11.13-03.10.47:876][  0]LogAssetRegistry: FAssetRegistry took 0.0322 seconds to start up
[2017.11.13-03.10.55:083][  0]LogPackageLocalizationCache: Processed 6 localized package path(s) for 1 prioritized culture(s) in 0.067932 seconds
[2017.11.13-03.10.55:102][  0]LogUObjectArray: 35703 objects as part of root set at end of initial load.
[2017.11.13-03.10.55:102][  0]LogUObjectAllocator: 7338016 out of 0 bytes used by permanent object pool.
[2017.11.13-03.10.55:102][  0]LogUObjectArray: CloseDisregardForGC: 0/0 objects in disregard for GC pool
[2017.11.13-03.10.55:166][  0]LogInit: WinSock: version 1.1 (2.2), MaxSocks=32767, MaxUdp=65467
[2017.11.13-03.11.05:860][  0]LogTcpMessaging: Initializing TcpMessaging bridge
[2017.11.13-03.11.05:927][  0]LogUdpMessaging: Initializing bridge on interface 0.0.0.0:0 to multicast group 230.0.0.1:6666.
[2017.11.13-03.11.07:586][  0]LogMaterial: Uniform references updated for custom material expression Custom.
[2017.11.13-03.11.08:494][  0]SourceControl: Source control is disabled
[2017.11.13-03.11.08:503][  0]SourceControl: Source control is disabled
[2017.11.13-03.11.08:611][  0]SourceControl: Source control is disabled
[2017.11.13-03.11.08:691][  0]SourceControl: Source control is disabled
[2017.11.13-03.11.10:122][  0]LogAndroidPermission: UAndroidPermissionCallbackProxy::GetInstance
[2017.11.13-03.11.10:412][  0]LogOcInput: OculusInput pre-init called
[2017.11.13-03.11.11:213][  0]LogEngine: Initializing Engine...
[2017.11.13-03.11.12:049][  0]LogStats: UGameplayTagsManager::ConstructGameplayTagTree: Construct from data asset -  0.000 s
[2017.11.13-03.11.12:050][  0]LogStats: UGameplayTagsManager::ConstructGameplayTagTree: GameplayTagTreeChangedEvent.Broadcast -  0.000 s
[2017.11.13-03.11.12:687][  0]LogAIModule: Creating AISystem for world Untitled
[2017.11.13-03.11.12:925][  0]LogInit: XAudio2 using 'Speakers / Headphones (Realtek Audio)' : 6 channels at 48 kHz using 32 bits per sample (channel mask 0x3f)
[2017.11.13-03.11.13:077][  0]LogInit: FAudioDevice initialized.
[2017.11.13-03.11.13:255][  0]LogDerivedDataCache: Saved boot cache 0.08s 78MB C:/Users/dsk/AppData/Local/UnrealEngine/4.18/DerivedDataCache/Boot.ddc.
[2017.11.13-03.11.13:266][  0]LogInit: Texture streaming: Enabled
[2017.11.13-03.11.13:587][  0]LogEngineSessionManager: EngineSessionManager initialized
[2017.11.13-03.11.13:587][  0]LogEngineSessionManager: EngineSessionManager sent abnormal shutdown report. Type=AbnormalShutdown, SessionId={78721503-428D-1CDD-9569-5A895BC7CF0A}
[2017.11.13-03.11.14:234][  0]LogInit: Transaction tracking system initialized
[2017.11.13-03.11.14:832][  0]BlueprintLog: New page: Editor Load
[2017.11.13-03.11.17:019][  0]LocalizationService: Localization service is disabled
[2017.11.13-03.11.18:672][  0]LogConsoleResponse: Display: 
[2017.11.13-03.11.21:674][  0]LogFileCache: Scanning file cache for directory 'D:/video/season08/proj08/Content/' took 0.02s
[2017.11.13-03.11.21:674][  0]LogCook: Display: Max memory allowance for cook 16384mb min free memory 0mb
[2017.11.13-03.11.21:674][  0]LogCook: Display: Mobile HDR setting 1
[2017.11.13-03.11.21:681][  0]LogGameplayTags: Display: UGameplayTagsManager::DoneAddingNativeTags. DelegateIsBound: 0
[2017.11.13-03.11.24:523][  0]SourceControl: Source control is disabled
[2017.11.13-03.11.24:581][  0]Cmd: MAP LOAD FILE="../../../../../../video/season08/proj08/Content/ThirdPersonBP/Maps/ThirdPersonExampleMap.umap" TEMPLATE=0 SHOWPROGRESS=1 FEATURELEVEL=3
[2017.11.13-03.11.24:591][  0]LightingResults: New page: Lighting Build
[2017.11.13-03.11.24:874][  0]MapCheck: New page: Map Check
[2017.11.13-03.11.24:874][  0]LightingResults: New page: Lighting Build
[2017.11.13-03.11.31:406][  0]LogAIModule: Creating AISystem for world ThirdPersonExampleMap
[2017.11.13-03.11.32:371][  0]LogEditorServer: Finished looking for orphan Actors (0.000 secs)
[2017.11.13-03.11.32:635][  0]Cmd: MAP CHECKDEP NOCLEARLOG
[2017.11.13-03.11.32:715][  0]MapCheck: Map check complete: 0 Error(s), 0 Warning(s), took 79.306ms to complete.
[2017.11.13-03.11.32:715][  0]LogFileHelpers: Loading map 'ThirdPersonExampleMap' took 8.149
[2017.11.13-03.11.37:992][  0]LogCollectionManager: Loaded 0 collections in 0.001940 seconds
[2017.11.13-03.11.38:873][  0]LogFileCache: Scanning file cache for directory 'D:/video/season08/proj08/Saved/Collections/' took 0.01s
[2017.11.13-03.11.38:873][  0]LogFileCache: Scanning file cache for directory 'D:/video/season08/proj08/Content/Developers/dsk/Collections/' took 0.01s
[2017.11.13-03.11.38:873][  0]LogFileCache: Scanning file cache for directory 'D:/video/season08/proj08/Content/Collections/' took 0.01s
[2017.11.13-03.11.38:873][  0]LogCollectionManager: Rebuilt the GUID cache for 0 collections in 0.000000 seconds
[2017.11.13-03.11.38:978][  0]LogContentBrowser: Native class hierarchy populated in 0.0436 seconds. Added 2360 classes and 514 folders.
[2017.11.13-03.11.39:535][  0]LogContentBrowser: Native class hierarchy updated for 'WidgetCarousel' in 0.0004 seconds. Added 0 classes and 0 folders.
[2017.11.13-03.11.41:483][  0]LogContentBrowser: Native class hierarchy updated for 'AddContentDialog' in 0.0002 seconds. Added 0 classes and 0 folders.
[2017.11.13-03.11.41:609][  0]LogContentBrowser: Native class hierarchy updated for 'SceneOutliner' in 0.0003 seconds. Added 1 classes and 2 folders.
[2017.11.13-03.11.43:146][  0]LogSlate: Took 0.018107 seconds to synchronously load lazily loaded font '../../../Engine/Content/Slate/Fonts/Roboto-Regular.ttf' (155K)
[2017.11.13-03.11.43:181][  0]LogSlate: Took 0.022086 seconds to synchronously load lazily loaded font '../../../Engine/Content/Slate/Fonts/Roboto-Bold.ttf' (160K)
[2017.11.13-03.11.43:328][  0]LogSlate: Took 0.023171 seconds to synchronously load lazily loaded font '../../../Engine/Content/Editor/Slate/Fonts/FontAwesome.ttf' (139K)
[2017.11.13-03.11.44:208][  0]LogRenderer: Reallocating scene render targets to support 1000x540 Format 10 NumSamples 1 (Frame:1).
[2017.11.13-03.11.45:176][  0]LogContentBrowser: Native class hierarchy updated for 'HierarchicalLODOutliner' in 0.0005 seconds. Added 1 classes and 2 folders.
[2017.11.13-03.11.45:176][  0]LogLoad: (Engine Initialization) Total time: 97.30 seconds
[2017.11.13-03.11.45:176][  0]LogLoad: (Engine Initialization) Total Blueprint compile time: 0.00 seconds
[2017.11.13-03.11.45:181][  0]LogExternalProfiler: No external profilers were discovered.  External profiling features will not be available.
[2017.11.13-03.11.45:538][  0]LogContentStreaming: Texture pool size now 1000 MB
[2017.11.13-03.11.46:057][  1]LogSlate: Took 0.016250 seconds to synchronously load lazily loaded font '../../../Engine/Content/Slate/Fonts/Roboto-Light.ttf' (159K)
[2017.11.13-03.11.46:372][  3]LogAssetRegistry: Asset discovery search completed in 58.5176 seconds
[2017.11.13-03.11.46:381][  3]LogCollectionManager: Rebuilt the object cache for 0 collections in 0.000000 seconds (found 0 objects)
[2017.11.13-03.11.46:381][  3]LogCollectionManager: Fixed up redirectors for 0 collections in 0.007701 seconds (updated 0 objects)
[2017.11.13-03.11.46:621][  4]LogSlate: Took 0.000222 seconds to synchronously load lazily loaded font '../../../Engine/Content/Slate/Fonts/Roboto-Light.ttf' (159K)
[2017.11.13-03.14.08:214][407]LogEditorViewport: Clicking on Actor (LMB): FppShooter_C (FppShooter)
[2017.11.13-03.14.10:869][466]Cmd: DELETE
[2017.11.13-03.14.10:875][466]Cmd: ACTOR DELETE
[2017.11.13-03.14.11:175][466]LogEditorActor: Deleted Actor: FppShooter_C
[2017.11.13-03.14.11:366][466]LogEditorActor: Deleted 1 Actors (0.306 secs)
[2017.11.13-03.14.29:766][544]LogSlate: Took 0.000233 seconds to synchronously load lazily loaded font '../../../Engine/Content/Slate/Fonts/Roboto-Light.ttf' (159K)
[2017.11.13-03.14.30:436][544]LogSlate: Took 0.000123 seconds to synchronously load lazily loaded font '../../../Engine/Content/Slate/Fonts/Roboto-Regular.ttf' (155K)
[2017.11.13-03.14.30:714][544]LogContentBrowser: Native class hierarchy updated for 'BlueprintGraph' in 0.0196 seconds. Added 116 classes and 0 folders.
[2017.11.13-03.14.32:438][544]LogSlate: Took 0.028463 seconds to synchronously load lazily loaded font '../../../Engine/Content/Editor/Slate/Fonts/Roboto-BoldCondensed.ttf' (158K)
[2017.11.13-03.15.02:071][179]LogStats: FPlatformStackWalk::StackWalkAndDump -  0.671 s
[2017.11.13-03.15.02:078][179]LogOutputDevice: Error: === Handled ensure: ===
[2017.11.13-03.15.02:078][179]LogOutputDevice: Error: 
[2017.11.13-03.15.02:078][179]LogOutputDevice: Error: Ensure condition failed: CurObject != NULL [File:D:\Build\++UE4+Release-4.18+Compile\Sync\Engine\Source\Editor\UnrealEd\Private\ObjectTools.cpp] [Line: 2325]
[2017.11.13-03.15.02:078][179]LogOutputDevice: Error: 
[2017.11.13-03.15.02:078][179]LogOutputDevice: Error: Stack: 
[2017.11.13-03.15.02:078][179]LogOutputDevice: Error: [Callstack] 0x000000000A441EA6 UE4Editor-Core.dll!UnknownFunction []
[2017.11.13-03.15.02:078][179]LogOutputDevice: Error: [Callstack] 0x000000000A1E121A UE4Editor-Core.dll!UnknownFunction []
[2017.11.13-03.15.02:078][179]LogOutputDevice: Error: [Callstack] 0x000000000A1FB826 UE4Editor-Core.dll!UnknownFunction []
[2017.11.13-03.15.02:078][179]LogOutputDevice: Error: [Callstack] 0x0000000008AB4B9B UE4Editor-UnrealEd.dll!UnknownFunction []
[2017.11.13-03.15.02:078][179]LogOutputDevice: Error: [Callstack] 0x000000000828F989 UE4Editor-UnrealEd.dll!UnknownFunction []
[2017.11.13-03.15.02:078][179]LogOutputDevice: Error: [Callstack] 0x000000000850D232 UE4Editor-UnrealEd.dll!UnknownFunction []
[2017.11.13-03.15.02:078][179]LogOutputDevice: Error: [Callstack] 0x0000000008494C32 UE4Editor-UnrealEd.dll!UnknownFunction []
[2017.11.13-03.15.02:078][179]LogOutputDevice: Error: [Callstack] 0x0000000008497C49 UE4Editor-UnrealEd.dll!UnknownFunction []
[2017.11.13-03.15.02:078][179]LogOutputDevice: Error: [Callstack] 0x0000000008505A25 UE4Editor-UnrealEd.dll!UnknownFunction []
[2017.11.13-03.15.02:078][179]LogOutputDevice: Error: [Callstack] 0x0000000009AA2B27 UE4Editor-Slate.dll!UnknownFunction []
[2017.11.13-03.15.02:078][179]LogOutputDevice: Error: [Callstack] 0x0000000009ACEA04 UE4Editor-Slate.dll!UnknownFunction []
[2017.11.13-03.15.02:078][179]LogOutputDevice: Error: [Callstack] 0x00000000098E5EFC UE4Editor-Slate.dll!UnknownFunction []
[2017.11.13-03.15.02:078][179]LogOutputDevice: Error: [Callstack] 0x00000000098B8095 UE4Editor-Slate.dll!UnknownFunction []
[2017.11.13-03.15.02:078][179]LogOutputDevice: Error: [Callstack] 0x00000000099528A7 UE4Editor-Slate.dll!UnknownFunction []
[2017.11.13-03.15.02:078][179]LogOutputDevice: Error: [Callstack] 0x000000000993B092 UE4Editor-Slate.dll!UnknownFunction []
[2017.11.13-03.15.02:078][179]LogOutputDevice: Error: [Callstack] 0x000000000992D902 UE4Editor-Slate.dll!UnknownFunction []
[2017.11.13-03.15.02:078][179]LogOutputDevice: Error: [Callstack] 0x000000001DCBE54B UE4Editor-ApplicationCore.dll!UnknownFunction []
[2017.11.13-03.15.02:078][179]LogOutputDevice: Error: [Callstack] 0x000000001DCB1A48 UE4Editor-ApplicationCore.dll!UnknownFunction []
[2017.11.13-03.15.02:078][179]LogOutputDevice: Error: [Callstack] 0x000000001DCC03EC UE4Editor-ApplicationCore.dll!UnknownFunction []
[2017.11.13-03.15.02:078][179]LogOutputDevice: Error: [Callstack] 0x000000001DCAD5A9 UE4Editor-ApplicationCore.dll!UnknownFunction []
[2017.11.13-03.15.02:078][179]LogOutputDevice: Error: [Callstack] 0x000000005CD01C24 USER32.dll!UnknownFunction []
[2017.11.13-03.15.02:078][179]LogOutputDevice: Error: [Callstack] 0x000000005CD0156C USER32.dll!UnknownFunction []
[2017.11.13-03.15.02:078][179]LogOutputDevice: Error: [Callstack] 0x000000001DCC1479 UE4Editor-ApplicationCore.dll!UnknownFunction []
[2017.11.13-03.15.02:079][179]LogOutputDevice: Error: [Callstack] 0x000000000995DB46 UE4Editor-Slate.dll!UnknownFunction []
[2017.11.13-03.15.02:079][179]LogOutputDevice: Error: [Callstack] 0x00000000098EF3A2 UE4Editor-Slate.dll!UnknownFunction []
[2017.11.13-03.15.02:079][179]LogOutputDevice: Error: [Callstack] 0x000000000859A6FC UE4Editor-UnrealEd.dll!UnknownFunction []
[2017.11.13-03.15.02:079][179]LogOutputDevice: Error: [Callstack] 0x0000000008AAAF73 UE4Editor-UnrealEd.dll!UnknownFunction []
[2017.11.13-03.15.02:079][179]LogOutputDevice: Error: [Callstack] 0x00000000F739744D UE4Editor-ContentBrowser.dll!UnknownFunction []
[2017.11.13-03.15.02:079][179]LogOutputDevice: Error: [Callstack] 0x00000000F74AA7F4 UE4Editor-ContentBrowser.dll!UnknownFunction []
[2017.11.13-03.15.02:079][179]LogOutputDevice: Error: [Callstack] 0x00000000F7400B1E UE4Editor-ContentBrowser.dll!UnknownFunction []
[2017.11.13-03.15.02:079][179]LogOutputDevice: Error: [Callstack] 0x00000000F7406449 UE4Editor-ContentBrowser.dll!UnknownFunction []
[2017.11.13-03.15.02:079][179]LogOutputDevice: Error: [Callstack] 0x00000000F74A50B5 UE4Editor-ContentBrowser.dll!UnknownFunction []
[2017.11.13-03.15.02:079][179]LogOutputDevice: Error: [Callstack] 0x00000000F73995A7 UE4Editor-ContentBrowser.dll!UnknownFunction []
[2017.11.13-03.15.02:079][179]LogOutputDevice: Error: [Callstack] 0x00000000F73FEDF9 UE4Editor-ContentBrowser.dll!UnknownFunction []
[2017.11.13-03.15.02:079][179]LogOutputDevice: Error: [Callstack] 0x00000000F7313FC2 UE4Editor-ContentBrowser.dll!UnknownFunction []
[2017.11.13-03.15.02:079][179]LogOutputDevice: Error: [Callstack] 0x00000000F7317389 UE4Editor-ContentBrowser.dll!UnknownFunction []
[2017.11.13-03.15.02:079][179]LogOutputDevice: Error: [Callstack] 0x00000000F739C675 UE4Editor-ContentBrowser.dll!UnknownFunction []
[2017.11.13-03.15.02:079][179]LogOutputDevice: Error: [Callstack] 0x0000000009AA2B27 UE4Editor-Slate.dll!UnknownFunction []
[2017.11.13-03.15.02:079][179]LogOutputDevice: Error: [Callstack] 0x0000000009ACEA04 UE4Editor-Slate.dll!UnknownFunction []
[2017.11.13-03.15.02:079][179]LogOutputDevice: Error: [Callstack] 0x00000000098E5EFC UE4Editor-Slate.dll!UnknownFunction []
[2017.11.13-03.15.02:079][179]LogOutputDevice: Error: [Callstack] 0x00000000098B8095 UE4Editor-Slate.dll!UnknownFunction []
[2017.11.13-03.15.02:079][179]LogOutputDevice: Error: [Callstack] 0x00000000099528A7 UE4Editor-Slate.dll!UnknownFunction []
[2017.11.13-03.15.02:079][179]LogOutputDevice: Error: [Callstack] 0x000000000993B092 UE4Editor-Slate.dll!UnknownFunction []
[2017.11.13-03.15.02:079][179]LogOutputDevice: Error: [Callstack] 0x000000000992D902 UE4Editor-Slate.dll!UnknownFunction []
[2017.11.13-03.15.02:079][179]LogOutputDevice: Error: [Callstack] 0x000000001DCBE54B UE4Editor-ApplicationCore.dll!UnknownFunction []
[2017.11.13-03.15.02:079][179]LogOutputDevice: Error: [Callstack] 0x000000001DCB1A48 UE4Editor-ApplicationCore.dll!UnknownFunction []
[2017.11.13-03.15.02:079][179]LogOutputDevice: Error: [Callstack] 0x000000001DCC03EC UE4Editor-ApplicationCore.dll!UnknownFunction []
[2017.11.13-03.15.02:079][179]LogOutputDevice: Error: [Callstack] 0x000000001DCAD5A9 UE4Editor-ApplicationCore.dll!UnknownFunction []
[2017.11.13-03.15.02:079][179]LogOutputDevice: Error: [Callstack] 0x000000005CD01C24 USER32.dll!UnknownFunction []
[2017.11.13-03.15.02:079][179]LogOutputDevice: Error: [Callstack] 0x000000005CD0156C USER32.dll!UnknownFunction []
[2017.11.13-03.15.02:079][179]LogOutputDevice: Error: [Callstack] 0x000000001DCC1516 UE4Editor-ApplicationCore.dll!UnknownFunction []
[2017.11.13-03.15.02:079][179]LogOutputDevice: Error: [Callstack] 0x00000000BAD750C8 UE4Editor.exe!UnknownFunction []
[2017.11.13-03.15.02:079][179]LogOutputDevice: Error: [Callstack] 0x00000000BAD85430 UE4Editor.exe!UnknownFunction []
[2017.11.13-03.15.02:079][179]LogOutputDevice: Error: [Callstack] 0x00000000BAD854AA UE4Editor.exe!UnknownFunction []
[2017.11.13-03.15.02:079][179]LogOutputDevice: Error: [Callstack] 0x00000000BAD92379 UE4Editor.exe!UnknownFunction []
[2017.11.13-03.15.02:079][179]LogOutputDevice: Error: [Callstack] 0x00000000BAD93D57 UE4Editor.exe!UnknownFunction []
[2017.11.13-03.15.02:079][179]LogOutputDevice: Error: [Callstack] 0x000000005C768364 KERNEL32.DLL!UnknownFunction []
[2017.11.13-03.15.02:079][179]LogOutputDevice: Error: [Callstack] 0x000000005D7D7091 ntdll.dll!UnknownFunction []
[2017.11.13-03.15.02:079][179]LogOutputDevice: Error: 
[2017.11.13-03.15.02:096][179]LogStats:                SubmitErrorReport -  0.007 s
[2017.11.13-03.15.06:168][179]LogStats:                    SendNewReport -  4.072 s
[2017.11.13-03.15.06:168][179]LogStats:             FDebug::EnsureFailed -  4.768 s
[2017.11.13-03.15.13:555][395]LogSavePackage: Save=211.30ms
[2017.11.13-03.15.13:555][395]LogSavePackage: Moving '../../../../../../video/season08/proj08/Saved/ThirdPersonExampleMap4B216F5947398F928E398583D95CA631.tmp' to '../../../../../../video/season08/proj08/Content/ThirdPersonBP/Maps/ThirdPersonExampleMap.umap'
[2017.11.13-03.15.13:564][395]LogSavePackage: Display: Finished SavePackage ../../../../../../video/season08/proj08/Content/ThirdPersonBP/Maps/ThirdPersonExampleMap.umap
[2017.11.13-03.15.13:788][395]LogSavePackage: Save=162.48ms
[2017.11.13-03.15.13:788][395]LogSavePackage: Moving '../../../../../../video/season08/proj08/Saved/ThirdPersonExampleMap_BuiltDataDF60565645BE71C171482DB49340CE30.tmp' to '../../../../../../video/season08/proj08/Content/ThirdPersonBP/Maps/ThirdPersonExampleMap_BuiltData.uasset'
[2017.11.13-03.15.13:792][395]LogSavePackage: Display: Finished SavePackage ../../../../../../video/season08/proj08/Content/ThirdPersonBP/Maps/ThirdPersonExampleMap_BuiltData.uasset
[2017.11.13-03.15.30:029][197]LogSavePackage: Save=175.96ms
[2017.11.13-03.15.30:029][197]LogSavePackage: Moving '../../../../../../video/season08/proj08/Saved/ThirdPersonExampleMapDD69D36E4C57D87C7C2E249C65999913.tmp' to '../../../../../../video/season08/proj08/Content/ThirdPersonBP/Maps/ThirdPersonExampleMap.umap'
[2017.11.13-03.15.30:039][197]LogSavePackage: Display: Finished SavePackage ../../../../../../video/season08/proj08/Content/ThirdPersonBP/Maps/ThirdPersonExampleMap.umap
[2017.11.13-03.15.30:236][197]LogSavePackage: Save=157.17ms
[2017.11.13-03.15.30:236][197]LogSavePackage: Moving '../../../../../../video/season08/proj08/Saved/ThirdPersonExampleMap_BuiltData4EB5EEF54A8358BCF801A5B86276993D.tmp' to '../../../../../../video/season08/proj08/Content/ThirdPersonBP/Maps/ThirdPersonExampleMap_BuiltData.uasset'
[2017.11.13-03.15.30:241][197]LogSavePackage: Display: Finished SavePackage ../../../../../../video/season08/proj08/Content/ThirdPersonBP/Maps/ThirdPersonExampleMap_BuiltData.uasset
[2017.11.13-03.15.33:020][352]LogWindowsTextInputMethodSystem: Display: IME system now deactivated.
[2017.11.13-03.15.33:467][353]Cmd: QUIT_EDITOR
[2017.11.13-03.15.33:839][353]LogExit: Preparing to exit.
[2017.11.13-03.15.34:388][353]LogDirectoryWatcher: A directory notification for 'D:/video/season08/proj08/Content/' was aborted.
[2017.11.13-03.15.34:567][353]LogExit: Editor shut down
[2017.11.13-03.15.34:571][353]LogExit: Transaction tracking system shut down
[2017.11.13-03.15.34:859][353]LogDirectoryWatcher: A directory notification for '../../../Engine/Content/' was aborted.
[2017.11.13-03.15.34:860][353]LogDirectoryWatcher: A directory notification for '../../../../../../video/season08/proj08/Content/' was aborted.
[2017.11.13-03.15.34:860][353]LogDirectoryWatcher: A directory notification for '../../../Engine/Plugins/2D/Paper2D/Content/' was aborted.
[2017.11.13-03.15.34:860][353]LogDirectoryWatcher: A directory notification for '../../../Engine/Plugins/Media/MediaCompositing/Content/' was aborted.
[2017.11.13-03.15.34:860][353]LogDirectoryWatcher: A directory notification for '../../../Engine/Plugins/Runtime/AppleARKit/Content/' was aborted.
[2017.11.13-03.15.34:860][353]LogDirectoryWatcher: A directory notification for '../../../Engine/Plugins/Runtime/Oculus/OculusVR/Content/' was aborted.
[2017.11.13-03.15.35:649][353]LogExit: Object subsystem successfully closed.
[2017.11.13-03.15.35:830][353]LogD3D11RHI: Shutdown
[2017.11.13-03.15.35:841][353]LogD3D11RHI: CleanupD3DDevice
[2017.11.13-03.15.35:859][353]LogD3D11RHI: ~FD3D11DynamicRHI
[2017.11.13-03.15.36:872][353]LogModuleManager: Shutting down and abandoning module BlueprintGraph (546)
[2017.11.13-03.15.36:872][353]LogModuleManager: Shutting down and abandoning module HierarchicalLODOutliner (544)
[2017.11.13-03.15.36:872][353]LogModuleManager: Shutting down and abandoning module SceneOutliner (542)
[2017.11.13-03.15.36:879][353]LogModuleManager: Shutting down and abandoning module AddContentDialog (540)
[2017.11.13-03.15.36:889][353]LogDirectoryWatcher: A directory notification for 'D:/Program Files/Epic Games/UE_4.18/FeaturePacks/' was aborted.
[2017.11.13-03.15.36:891][353]LogModuleManager: Shutting down and abandoning module WidgetCarousel (539)
[2017.11.13-03.15.36:891][353]LogModuleManager: Shutting down and abandoning module EditorWidgets (536)
[2017.11.13-03.15.36:891][353]LogModuleManager: Shutting down and abandoning module CollectionManager (534)
[2017.11.13-03.15.36:916][353]LogDirectoryWatcher: A directory notification for 'D:/video/season08/proj08/Content/Collections/' was aborted.
[2017.11.13-03.15.36:916][353]LogDirectoryWatcher: A directory notification for 'D:/video/season08/proj08/Content/Developers/dsk/Collections/' was aborted.
[2017.11.13-03.15.36:917][353]LogDirectoryWatcher: A directory notification for 'D:/video/season08/proj08/Saved/Collections/' was aborted.
[2017.11.13-03.15.36:917][353]LogModuleManager: Shutting down and abandoning module StatsViewer (532)
[2017.11.13-03.15.36:938][353]LogModuleManager: Shutting down and abandoning module FoliageEdit (530)
[2017.11.13-03.15.36:959][353]LogModuleManager: Shutting down and abandoning module LandscapeEditor (528)
[2017.11.13-03.15.36:975][353]LogModuleManager: Shutting down and abandoning module MeshPaintMode (526)
[2017.11.13-03.15.36:984][353]LogModuleManager: Shutting down and abandoning module SceneDepthPickerMode (524)
[2017.11.13-03.15.36:984][353]LogModuleManager: Shutting down and abandoning module ActorPickerMode (522)
[2017.11.13-03.15.36:984][353]LogModuleManager: Shutting down and abandoning module GeometryMode (520)
[2017.11.13-03.15.36:984][353]LogModuleManager: Shutting down and abandoning module TextureAlignMode (518)
[2017.11.13-03.15.36:984][353]LogModuleManager: Shutting down and abandoning module BspMode (516)
[2017.11.13-03.15.36:984][353]LogModuleManager: Shutting down and abandoning module PIEPreviewDeviceProfileSelector (514)
[2017.11.13-03.15.36:984][353]LogModuleManager: Shutting down and abandoning module HardwareSurvey (512)
[2017.11.13-03.15.36:984][353]LogModuleManager: Shutting down and abandoning module SequenceRecorderSections (510)
[2017.11.13-03.15.36:991][353]LogModuleManager: Shutting down and abandoning module AutomationWorker (508)
[2017.11.13-03.15.36:997][353]LogModuleManager: Shutting down and abandoning module MatineeToLevelSequence (506)
[2017.11.13-03.15.37:015][353]LogModuleManager: Shutting down and abandoning module LevelSequenceEditor (504)
[2017.11.13-03.15.37:045][353]LogModuleManager: Shutting down and abandoning module PlacementMode (503)
[2017.11.13-03.15.37:045][353]LogModuleManager: Shutting down and abandoning module WmfMediaFactory (500)
[2017.11.13-03.15.37:045][353]LogModuleManager: Shutting down and abandoning module WmfMediaEditor (498)
[2017.11.13-03.15.37:045][353]LogModuleManager: Shutting down and abandoning module OpenExrWrapper (496)
[2017.11.13-03.15.37:045][353]LogModuleManager: Shutting down and abandoning module ImgMediaFactory (494)
[2017.11.13-03.15.37:045][353]LogModuleManager: Shutting down and abandoning module ImgMediaEditor (492)
[2017.11.13-03.15.37:045][353]LogModuleManager: Shutting down and abandoning module AvfMediaFactory (490)
[2017.11.13-03.15.37:045][353]LogModuleManager: Shutting down and abandoning module AvfMediaEditor (488)
[2017.11.13-03.15.37:045][353]LogModuleManager: Shutting down and abandoning module AndroidMediaFactory (486)
[2017.11.13-03.15.37:045][353]LogModuleManager: Shutting down and abandoning module AndroidMediaEditor (484)
[2017.11.13-03.15.37:045][353]LogModuleManager: Shutting down and abandoning module CharacterAI (482)
[2017.11.13-03.15.37:045][353]LogModuleManager: Shutting down and abandoning module AudioCapture (480)
[2017.11.13-03.15.37:066][353]LogModuleManager: Shutting down and abandoning module SequenceRecorder (479)
[2017.11.13-03.15.37:067][353]LogModuleManager: Shutting down and abandoning module SmartSnapping (476)
[2017.11.13-03.15.37:067][353]LogModuleManager: Shutting down and abandoning module SessionServices (474)
[2017.11.13-03.15.37:067][353]LogModuleManager: Shutting down and abandoning module ViewportSnapping (472)
[2017.11.13-03.15.37:067][353]LogModuleManager: Shutting down and abandoning module ViewportInteraction (470)
[2017.11.13-03.15.37:067][353]LogModuleManager: Shutting down and abandoning module ClothPainter (468)
[2017.11.13-03.15.37:078][353]LogModuleManager: Shutting down and abandoning module SkeletalMeshEditor (467)
[2017.11.13-03.15.37:089][353]LogModuleManager: Shutting down and abandoning module LogVisualizer (464)
[2017.11.13-03.15.37:120][353]LogModuleManager: Shutting down and abandoning module IntroTutorials (462)
[2017.11.13-03.15.37:176][353]LogModuleManager: Shutting down and abandoning module GameProjectGeneration (461)
[2017.11.13-03.15.37:191][353]LogModuleManager: Shutting down and abandoning module IOSPlatformEditor (458)
[2017.11.13-03.15.37:212][353]LogModuleManager: Shutting down and abandoning module HTML5PlatformEditor (456)
[2017.11.13-03.15.37:212][353]LogModuleManager: Shutting down and abandoning module AndroidPlatformEditor (454)
[2017.11.13-03.15.37:212][353]LogModuleManager: Shutting down and abandoning module AndroidDeviceDetection (453)
[2017.11.13-03.15.38:107][353]LogModuleManager: Shutting down and abandoning module WindowsPlatformEditor (450)
[2017.11.13-03.15.38:107][353]LogModuleManager: Shutting down and abandoning module IOSRuntimeSettings (448)
[2017.11.13-03.15.38:107][353]LogModuleManager: Shutting down and abandoning module AndroidRuntimeSettings (446)
[2017.11.13-03.15.38:107][353]LogModuleManager: Shutting down and abandoning module InputBindingEditor (444)
[2017.11.13-03.15.38:122][353]LogModuleManager: Shutting down and abandoning module MergeActors (442)
[2017.11.13-03.15.38:131][353]LogModuleManager: Shutting down and abandoning module SizeMap (440)
[2017.11.13-03.15.38:131][353]LogModuleManager: Shutting down and abandoning module TreeMap (438)
[2017.11.13-03.15.38:145][353]LogModuleManager: Shutting down and abandoning module ReferenceViewer (436)
[2017.11.13-03.15.38:145][353]LogModuleManager: Shutting down and abandoning module LocalizationDashboard (434)
[2017.11.13-03.15.38:150][353]LogModuleManager: Shutting down and abandoning module LocalizationService (433)
[2017.11.13-03.15.38:160][353]LogModuleManager: Shutting down and abandoning module HardwareTargeting (430)
[2017.11.13-03.15.38:160][353]LogModuleManager: Shutting down and abandoning module DeviceProfileEditor (428)
[2017.11.13-03.15.38:160][353]LogModuleManager: Shutting down and abandoning module UndoHistory (426)
[2017.11.13-03.15.38:160][353]LogModuleManager: Shutting down and abandoning module XmlParser (424)
[2017.11.13-03.15.38:160][353]LogModuleManager: Shutting down and abandoning module Blutility (422)
[2017.11.13-03.15.38:160][353]LogModuleManager: Shutting down and abandoning module ProjectSettingsViewer (420)
[2017.11.13-03.15.38:160][353]LogModuleManager: Shutting down and abandoning module ProjectTargetPlatformEditor (419)
[2017.11.13-03.15.38:160][353]LogModuleManager: Shutting down and abandoning module EditorSettingsViewer (416)
[2017.11.13-03.15.38:160][353]LogModuleManager: Shutting down and abandoning module SettingsEditor (414)
[2017.11.13-03.15.38:167][353]LogModuleManager: Shutting down and abandoning module ProjectLauncher (412)
[2017.11.13-03.15.38:183][353]LogModuleManager: Shutting down and abandoning module SessionFrontend (410)
[2017.11.13-03.15.38:200][353]LogModuleManager: Shutting down and abandoning module ProfilerClient (408)
[2017.11.13-03.15.38:203][353]LogModuleManager: Shutting down and abandoning module DeviceManager (406)
[2017.11.13-03.15.38:213][353]LogModuleManager: Shutting down and abandoning module TargetDeviceServices (405)
[2017.11.13-03.15.38:279][353]LogModuleManager: Shutting down and abandoning module AutomationController (402)
[2017.11.13-03.15.38:285][353]LogModuleManager: Shutting down and abandoning module AutomationWindow (400)
[2017.11.13-03.15.38:294][353]LogModuleManager: Shutting down and abandoning module Layers (398)
[2017.11.13-03.15.38:322][353]LogModuleManager: Shutting down and abandoning module ComponentVisualizers (396)
[2017.11.13-03.15.38:322][353]LogModuleManager: Shutting down and abandoning module DetailCustomizations (394)
[2017.11.13-03.15.38:334][353]LogModuleManager: Shutting down and abandoning module PackagesDialog (392)
[2017.11.13-03.15.38:334][353]LogModuleManager: Shutting down and abandoning module Persona (390)
[2017.11.13-03.15.38:358][353]LogModuleManager: Shutting down and abandoning module AdvancedPreviewScene (389)
[2017.11.13-03.15.38:358][353]LogModuleManager: Shutting down and abandoning module AnimGraph (387)
[2017.11.13-03.15.38:358][353]LogModuleManager: Shutting down and abandoning module Kismet (384)
[2017.11.13-03.15.38:384][353]LogModuleManager: Shutting down and abandoning module ClassViewer (382)
[2017.11.13-03.15.38:384][353]LogModuleManager: Shutting down and abandoning module Toolbox (380)
[2017.11.13-03.15.38:385][353]LogModuleManager: Shutting down and abandoning module ModuleUI (378)
[2017.11.13-03.15.38:394][353]LogModuleManager: Shutting down and abandoning module MovieSceneTools (376)
[2017.11.13-03.15.38:416][353]LogModuleManager: Shutting down and abandoning module OutputLog (374)
[2017.11.13-03.15.38:416][353]LogModuleManager: Shutting down and abandoning module GammaUI (372)
[2017.11.13-03.15.38:422][353]LogModuleManager: Shutting down and abandoning module Documentation (370)
[2017.11.13-03.15.38:422][353]LogModuleManager: Shutting down and abandoning module MovieSceneTracks (368)
[2017.11.13-03.15.38:422][353]LogModuleManager: Shutting down and abandoning module MovieScene (366)
[2017.11.13-03.15.38:422][353]LogModuleManager: Shutting down and abandoning module StreamingPauseRendering (364)
[2017.11.13-03.15.38:422][353]LogModuleManager: Shutting down and abandoning module LauncherPlatform (362)
[2017.11.13-03.15.38:422][353]LogModuleManager: Shutting down and abandoning module AnalyticsET (360)
[2017.11.13-03.15.38:422][353]LogModuleManager: Shutting down and abandoning module PortalServices (358)
[2017.11.13-03.15.38:422][353]LogModuleManager: Shutting down and abandoning module PortalRpc (356)
[2017.11.13-03.15.38:422][353]LogModuleManager: Shutting down and abandoning module MessagingRpc (354)
[2017.11.13-03.15.38:423][353]LogModuleManager: Shutting down and abandoning module AIModule (352)
[2017.11.13-03.15.38:423][353]LogModuleManager: Shutting down and abandoning module GameplayDebugger (351)
[2017.11.13-03.15.38:437][353]LogModuleManager: Shutting down and abandoning module AITestSuite (349)
[2017.11.13-03.15.38:452][353]LogModuleManager: Shutting down and abandoning module DesktopPlatform (346)
[2017.11.13-03.15.38:452][353]LogModuleManager: Shutting down and abandoning module ProfilerService (344)
[2017.11.13-03.15.38:641][353]LogModuleManager: Shutting down and abandoning module TaskGraph (342)
[2017.11.13-03.15.38:676][353]LogModuleManager: Shutting down and abandoning module ProceduralMeshComponentEditor (340)
[2017.11.13-03.15.38:677][353]LogModuleManager: Shutting down and abandoning module ProceduralMeshComponent (338)
[2017.11.13-03.15.38:677][353]LogModuleManager: Shutting down and abandoning module OculusInput (336)
[2017.11.13-03.15.38:677][353]LogModuleManager: Shutting down and abandoning module MobilePatchingUtils (334)
[2017.11.13-03.15.38:677][353]LogModuleManager: Shutting down and abandoning module CustomMeshComponent (332)
[2017.11.13-03.15.38:677][353]LogModuleManager: Shutting down and abandoning module CableComponent (330)
[2017.11.13-03.15.38:677][353]LogModuleManager: Shutting down and abandoning module ArchVisCharacter (328)
[2017.11.13-03.15.38:677][353]LogModuleManager: Shutting down and abandoning module AndroidPermission (326)
[2017.11.13-03.15.38:677][353]LogModuleManager: Shutting down and abandoning module ActorSequence (322)
[2017.11.13-03.15.38:677][353]LogModuleManager: Shutting down and abandoning module MediaPlayerEditor (320)
[2017.11.13-03.15.38:707][353]LogModuleManager: Shutting down and abandoning module MediaCompositingEditor (318)
[2017.11.13-03.15.38:707][353]LogModuleManager: Shutting down and abandoning module MediaCompositing (316)
[2017.11.13-03.15.38:707][353]LogModuleManager: Shutting down and abandoning module HTML5Networking (314)
[2017.11.13-03.15.38:707][353]LogModuleManager: Shutting down and abandoning module AlembicImporter (312)
[2017.11.13-03.15.38:711][353]LogModuleManager: Shutting down and abandoning module AlembicLibrary (311)
[2017.11.13-03.15.38:712][353]LogModuleManager: Shutting down and abandoning module GeometryCache (310)
[2017.11.13-03.15.38:712][353]LogModuleManager: Shutting down and abandoning module GeometryCacheEd (309)
[2017.11.13-03.15.38:712][353]LogModuleManager: Shutting down and abandoning module SpeedTreeImporter (304)
[2017.11.13-03.15.38:712][353]LogModuleManager: Shutting down and abandoning module PluginBrowser (302)
[2017.11.13-03.15.38:747][353]LogModuleManager: Shutting down and abandoning module MobileLauncherProfileWizard (300)
[2017.11.13-03.15.38:754][353]LogModuleManager: Shutting down and abandoning module VisualStudioSourceCodeAccess (298)
[2017.11.13-03.15.38:755][353]LogModuleManager: Shutting down and abandoning module VisualStudioCodeSourceCodeAccess (296)
[2017.11.13-03.15.38:755][353]LogModuleManager: Shutting down and abandoning module UObjectPlugin (294)
[2017.11.13-03.15.38:755][353]LogModuleManager: Shutting down and abandoning module SubversionSourceControl (292)
[2017.11.13-03.15.38:765][353]LogModuleManager: Shutting down and abandoning module PerforceSourceControl (290)
[2017.11.13-03.15.38:773][353]LogModuleManager: Shutting down and abandoning module GitSourceControl (288)
[2017.11.13-03.15.38:785][353]LogModuleManager: Shutting down and abandoning module SourceControl (287)
[2017.11.13-03.15.38:801][353]LogModuleManager: Shutting down and abandoning module LightPropagationVolumeEditor (284)
[2017.11.13-03.15.38:801][353]LogModuleManager: Shutting down and abandoning module PaperTiledImporter (282)
[2017.11.13-03.15.38:801][353]LogModuleManager: Shutting down and abandoning module PaperSpriteSheetImporter (280)
[2017.11.13-03.15.38:801][353]LogModuleManager: Shutting down and abandoning module Paper2DEditor (278)
[2017.11.13-03.15.38:825][353]LogModuleManager: Shutting down and abandoning module MeshPaint (277)
[2017.11.13-03.15.38:840][353]LogModuleManager: Shutting down and abandoning module LevelEditor (275)
[2017.11.13-03.15.38:844][353]LogModuleManager: Shutting down and abandoning module PixelInspectorModule (274)
[2017.11.13-03.15.38:858][353]LogModuleManager: Shutting down and abandoning module MainFrame (272)
[2017.11.13-03.15.38:858][353]LogModuleManager: Shutting down and abandoning module HotReload (271)
[2017.11.13-03.15.38:898][353]LogModuleManager: Shutting down and abandoning module RuntimePhysXCooking (266)
[2017.11.13-03.15.38:898][353]LogModuleManager: Shutting down and abandoning module PhysXVehiclesEditor (264)
[2017.11.13-03.15.38:898][353]LogModuleManager: Shutting down and abandoning module PhysXVehicles (262)
[2017.11.13-03.15.38:898][353]LogModuleManager: Shutting down and abandoning module OculusEditor (260)
[2017.11.13-03.15.38:898][353]LogModuleManager: Shutting down and abandoning module LocationServicesBPLibrary (258)
[2017.11.13-03.15.38:898][353]LogModuleManager: Shutting down and abandoning module ImmediatePhysicsEditor (256)
[2017.11.13-03.15.38:898][353]LogModuleManager: Shutting down and abandoning module ImmediatePhysics (254)
[2017.11.13-03.15.38:898][353]LogModuleManager: Shutting down and abandoning module UdpMessaging (252)
[2017.11.13-03.15.39:004][353]LogModuleManager: Shutting down and abandoning module TcpMessaging (250)
[2017.11.13-03.15.39:125][353]LogModuleManager: Shutting down and abandoning module GameplayTagsEditor (248)
[2017.11.13-03.15.39:139][353]LogModuleManager: Shutting down and abandoning module FacialAnimationEditor (246)
[2017.11.13-03.15.39:139][353]LogModuleManager: Shutting down and abandoning module FacialAnimation (244)
[2017.11.13-03.15.39:139][353]LogModuleManager: Shutting down and abandoning module AssetManagerEditor (242)
[2017.11.13-03.15.39:145][353]LogModuleManager: Shutting down and abandoning module GraphEditor (241)
[2017.11.13-03.15.39:145][353]LogModuleManager: Shutting down and abandoning module ContentBrowser (239)
[2017.11.13-03.15.39:147][353]LogModuleManager: Shutting down and abandoning module LightPropagationVolumeRuntime (236)
[2017.11.13-03.15.39:147][353]LogModuleManager: Shutting down and abandoning module Paper2D (234)
[2017.11.13-03.15.39:148][353]LogModuleManager: Shutting down and abandoning module WindowsMoviePlayer (232)
[2017.11.13-03.15.39:148][353]LogModuleManager: Shutting down and abandoning module WmfMedia (230)
[2017.11.13-03.15.39:165][353]LogModuleManager: Shutting down and abandoning module ImgMedia (228)
[2017.11.13-03.15.39:165][353]LogModuleManager: Shutting down and abandoning module PacketHandler (226)
[2017.11.13-03.15.39:165][353]LogModuleManager: Shutting down and abandoning module ClothingSystemEditor (224)
[2017.11.13-03.15.39:165][353]LogModuleManager: Shutting down and abandoning module ClothingSystemRuntime (222)
[2017.11.13-03.15.39:185][353]LogModuleManager: Shutting down and abandoning module MediaAssets (220)
[2017.11.13-03.15.39:185][353]LogModuleManager: Shutting down and abandoning module Media (219)
[2017.11.13-03.15.39:191][353]LogModuleManager: Shutting down and abandoning module Overlay (216)
[2017.11.13-03.15.39:191][353]LogModuleManager: Shutting down and abandoning module OverlayEditor (215)
[2017.11.13-03.15.39:191][353]LogModuleManager: Shutting down and abandoning module VREditor (212)
[2017.11.13-03.15.39:212][353]LogModuleManager: Shutting down and abandoning module StringTableEditor (210)
[2017.11.13-03.15.39:218][353]LogModuleManager: Shutting down and abandoning module GameplayTasksEditor (208)
[2017.11.13-03.15.39:218][353]LogModuleManager: Shutting down and abandoning module BehaviorTreeEditor (206)
[2017.11.13-03.15.39:235][353]LogModuleManager: Shutting down and abandoning module FunctionalTesting (204)
[2017.11.13-03.15.39:246][353]LogModuleManager: Shutting down and abandoning module CollisionAnalyzer (202)
[2017.11.13-03.15.39:263][353]LogModuleManager: Shutting down and abandoning module WorkspaceMenuStructure (201)
[2017.11.13-03.15.39:263][353]LogModuleManager: Shutting down and abandoning module UMG (198)
[2017.11.13-03.15.39:279][353]LogModuleManager: Shutting down and abandoning module UMGEditor (197)
[2017.11.13-03.15.39:293][353]LogModuleManager: Shutting down and abandoning module Sequencer (196)
[2017.11.13-03.15.39:317][353]LogModuleManager: Shutting down and abandoning module MessageLog (193)
[2017.11.13-03.15.39:317][353]LogModuleManager: Shutting down and abandoning module SlateReflector (188)
[2017.11.13-03.15.39:341][353]LogModuleManager: Shutting down and abandoning module Slate (186)
[2017.11.13-03.15.39:341][353]LogModuleManager: Shutting down and abandoning module EditorStyle (184)
[2017.11.13-03.15.39:343][353]LogModuleManager: Shutting down and abandoning module MRMesh (182)
[2017.11.13-03.15.39:344][353]LogModuleManager: Shutting down and abandoning module SourceCodeAccess (180)
[2017.11.13-03.15.39:344][353]LogModuleManager: Shutting down and abandoning module HeadMountedDisplay (178)
[2017.11.13-03.15.39:344][353]LogModuleManager: Shutting down and abandoning module XAudio2 (176)
[2017.11.13-03.15.39:344][353]LogModuleManager: Shutting down and abandoning module Networking (174)
[2017.11.13-03.15.39:344][353]LogModuleManager: Shutting down and abandoning module Core (170)
[2017.11.13-03.15.39:344][353]LogModuleManager: Shutting down and abandoning module LevelSequence (166)
[2017.11.13-03.15.39:344][353]LogModuleManager: Shutting down and abandoning module DirectoryWatcher (164)
[2017.11.13-03.15.39:345][353]LogModuleManager: Shutting down and abandoning module KismetCompiler (162)
[2017.11.13-03.15.39:345][353]LogModuleManager: Shutting down and abandoning module MeshUtilities (160)
[2017.11.13-03.15.39:361][353]LogModuleManager: Shutting down and abandoning module MeshMergeUtilities (159)
[2017.11.13-03.15.39:368][353]LogModuleManager: Shutting down and abandoning module MeshReductionInterface (158)
[2017.11.13-03.15.39:368][353]LogModuleManager: Shutting down and abandoning module SimplygonSwarm (157)
[2017.11.13-03.15.39:375][353]LogModuleManager: Shutting down and abandoning module SimplygonMeshReduction (155)
[2017.11.13-03.15.39:375][353]LogModuleManager: Shutting down and abandoning module QuadricMeshReduction (153)
[2017.11.13-03.15.39:375][353]LogModuleManager: Shutting down and abandoning module MaterialBaking (149)
[2017.11.13-03.15.39:383][353]LogModuleManager: Shutting down and abandoning module DerivedDataCache (146)
[2017.11.13-03.15.39:446][353]LogDerivedDataCache: Shutdown
[2017.11.13-03.15.39:446][353]LogModuleManager: Shutting down and abandoning module TargetPlatform (144)
[2017.11.13-03.15.39:446][353]LogModuleManager: Shutting down and abandoning module VulkanShaderFormat (143)
[2017.11.13-03.15.39:508][353]LogModuleManager: Shutting down and abandoning module ShaderFormatVectorVM (141)
[2017.11.13-03.15.39:515][353]LogModuleManager: Shutting down and abandoning module ShaderFormatOpenGL (139)
[2017.11.13-03.15.39:649][353]LogModuleManager: Shutting down and abandoning module ShaderFormatD3D (137)
[2017.11.13-03.15.39:649][353]LogModuleManager: Shutting down and abandoning module MetalShaderFormat (135)
[2017.11.13-03.15.39:752][353]LogModuleManager: Shutting down and abandoning module TextureFormatUncompressed (133)
[2017.11.13-03.15.39:752][353]LogModuleManager: Shutting down and abandoning module TextureFormatPVR (131)
[2017.11.13-03.15.39:752][353]LogModuleManager: Shutting down and abandoning module TextureFormatDXT (129)
[2017.11.13-03.15.39:752][353]LogModuleManager: Shutting down and abandoning module TextureFormatIntelISPCTexComp (127)
[2017.11.13-03.15.39:752][353]LogModuleManager: Shutting down and abandoning module TextureFormatASTC (125)
[2017.11.13-03.15.39:752][353]LogModuleManager: Shutting down and abandoning module ImageWrapper (124)
[2017.11.13-03.15.39:752][353]LogModuleManager: Shutting down and abandoning module TextureFormatAndroid (121)
[2017.11.13-03.15.39:752][353]LogModuleManager: Shutting down and abandoning module AudioFormatOpus (119)
[2017.11.13-03.15.39:752][353]LogModuleManager: Shutting down and abandoning module AudioFormatOgg (117)
[2017.11.13-03.15.39:752][353]LogModuleManager: Shutting down and abandoning module AudioFormatADPCM (115)
[2017.11.13-03.15.39:752][353]LogModuleManager: Shutting down and abandoning module LinuxTargetPlatform (113)
[2017.11.13-03.15.39:752][353]LogModuleManager: Shutting down and abandoning module LinuxServerTargetPlatform (111)
[2017.11.13-03.15.39:752][353]LogModuleManager: Shutting down and abandoning module LinuxNoEditorTargetPlatform (109)
[2017.11.13-03.15.39:752][353]LogModuleManager: Shutting down and abandoning module LinuxClientTargetPlatform (107)
[2017.11.13-03.15.39:752][353]LogModuleManager: Shutting down and abandoning module TVOSTargetPlatform (105)
[2017.11.13-03.15.39:752][353]LogModuleManager: Shutting down and abandoning module Messaging (103)
[2017.11.13-03.15.39:752][353]LogModuleManager: Shutting down and abandoning module IOSTargetPlatform (101)
[2017.11.13-03.15.39:752][353]LogModuleManager: Shutting down and abandoning module HTML5TargetPlatform (99)
[2017.11.13-03.15.39:752][353]LogModuleManager: Shutting down and abandoning module AndroidTargetPlatform (97)
[2017.11.13-03.15.39:752][353]LogModuleManager: Shutting down and abandoning module Android_PVRTCTargetPlatform (95)
[2017.11.13-03.15.39:752][353]LogModuleManager: Shutting down and abandoning module Android_MultiTargetPlatform (93)
[2017.11.13-03.15.39:752][353]LogModuleManager: Shutting down and abandoning module Android_ETC2TargetPlatform (91)
[2017.11.13-03.15.39:753][353]LogModuleManager: Shutting down and abandoning module Android_ETC1TargetPlatform (89)
[2017.11.13-03.15.39:753][353]LogModuleManager: Shutting down and abandoning module Android_DXTTargetPlatform (87)
[2017.11.13-03.15.39:753][353]LogModuleManager: Shutting down and abandoning module Android_ATCTargetPlatform (85)
[2017.11.13-03.15.39:753][353]LogModuleManager: Shutting down and abandoning module Android_ASTCTargetPlatform (83)
[2017.11.13-03.15.39:753][353]LogModuleManager: Shutting down and abandoning module WindowsTargetPlatform (81)
[2017.11.13-03.15.39:753][353]LogModuleManager: Shutting down and abandoning module WindowsServerTargetPlatform (79)
[2017.11.13-03.15.39:753][353]LogModuleManager: Shutting down and abandoning module WindowsNoEditorTargetPlatform (77)
[2017.11.13-03.15.39:753][353]LogModuleManager: Shutting down and abandoning module WindowsClientTargetPlatform (75)
[2017.11.13-03.15.39:753][353]LogModuleManager: Shutting down and abandoning module MacTargetPlatform (73)
[2017.11.13-03.15.39:753][353]LogModuleManager: Shutting down and abandoning module MacServerTargetPlatform (71)
[2017.11.13-03.15.39:753][353]LogModuleManager: Shutting down and abandoning module MacNoEditorTargetPlatform (69)
[2017.11.13-03.15.39:753][353]LogModuleManager: Shutting down and abandoning module MacClientTargetPlatform (67)
[2017.11.13-03.15.39:753][353]LogModuleManager: Shutting down and abandoning module AllDesktopTargetPlatform (65)
[2017.11.13-03.15.39:753][353]LogModuleManager: Shutting down and abandoning module InputCore (62)
[2017.11.13-03.15.39:753][353]LogModuleManager: Shutting down and abandoning module Settings (60)
[2017.11.13-03.15.39:753][353]LogModuleManager: Shutting down and abandoning module PhysXCooking (58)
[2017.11.13-03.15.39:753][353]LogModuleManager: Shutting down and abandoning module OculusHMD (56)
[2017.11.13-03.15.39:760][353]LogModuleManager: Shutting down and abandoning module ExampleDeviceProfileSelector (54)
[2017.11.13-03.15.39:760][353]LogModuleManager: Shutting down and abandoning module AppleARKit (52)
[2017.11.13-03.15.39:760][353]LogModuleManager: Shutting down and abandoning module AugmentedReality (51)
[2017.11.13-03.15.39:760][353]LogModuleManager: Shutting down and abandoning module OnlineBlueprintSupport (48)
[2017.11.13-03.15.39:760][353]LogModuleManager: Shutting down and abandoning module OnlineSubsystem (44)
[2017.11.13-03.15.39:771][353]LogModuleManager: Shutting down and abandoning module XMPP (43)
[2017.11.13-03.15.39:802][353]LogModuleManager: Shutting down and abandoning module HTTP (41)
[2017.11.13-03.15.39:802][353]LogHttp: Display: Http module shutting down, but needs to wait on 1 outstanding Http requests:
[2017.11.13-03.15.39:810][353]LogHttp: Display: 	verb=[POST] url=[https://datarouter.ol.epicgames.com/datarouter/api/v1/public/data?SessionID=%7BA81B9B10-4DC1-DC2D-45AB-4C9DDFE727CA%7D&AppID=UEEditor.Rocket.Release&AppVersion=4.18.0-3709383%2B%2B%2BUE4%2BRelease-4.18&UserID=82d1ac324eb2302b6b653fbba6d202b8%7C5339afaeb91a48a79f87a673ad2d3bd7%7C8d51db64-d64b-4856-9eb6-3cb7a24cea6f&AppEnvironment=datacollector-binary&UploadType=eteventstream] status=Processing
[2017.11.13-03.15.39:822][353]LogModuleManager: Shutting down and abandoning module SSL (40)
[2017.11.13-03.15.39:828][353]LogModuleManager: Shutting down and abandoning module AnimationModifiers (36)
[2017.11.13-03.15.39:834][353]LogModuleManager: Shutting down and abandoning module PropertyEditor (35)
[2017.11.13-03.15.39:834][353]LogModuleManager: Shutting down and abandoning module AudioEditor (32)
[2017.11.13-03.15.39:837][353]LogModuleManager: Shutting down and abandoning module TextureCompressor (30)
[2017.11.13-03.15.39:867][353]LogModuleManager: Shutting down and abandoning module ShaderCore (28)
[2017.11.13-03.15.39:868][353]LogModuleManager: Shutting down and abandoning module Landscape (26)
[2017.11.13-03.15.39:868][353]LogModuleManager: Shutting down and abandoning module SlateRHIRenderer (24)
[2017.11.13-03.15.39:878][353]LogModuleManager: Shutting down and abandoning module OpenGLDrv (22)
[2017.11.13-03.15.39:892][353]LogModuleManager: Shutting down and abandoning module D3D11RHI (20)
[2017.11.13-03.15.39:892][353]LogModuleManager: Shutting down and abandoning module AnimGraphRuntime (18)
[2017.11.13-03.15.39:901][353]LogModuleManager: Shutting down and abandoning module Renderer (16)
[2017.11.13-03.15.39:901][353]LogModuleManager: Shutting down and abandoning module Engine (14)
[2017.11.13-03.15.39:902][353]LogModuleManager: Shutting down and abandoning module CoreUObject (12)
[2017.11.13-03.15.39:902][353]LogModuleManager: Shutting down and abandoning module NetworkFile (10)
[2017.11.13-03.15.39:902][353]LogModuleManager: Shutting down and abandoning module CookedIterativeFile (8)
[2017.11.13-03.15.39:902][353]LogModuleManager: Shutting down and abandoning module StreamingFile (6)
[2017.11.13-03.15.39:902][353]LogModuleManager: Shutting down and abandoning module SandboxFile (4)
[2017.11.13-03.15.39:902][353]LogModuleManager: Shutting down and abandoning module PakFile (2)
[2017.11.13-03.15.39:922][353]LogExit: Exiting.
[2017.11.13-03.15.39:936][353]Log file closed, 11/13/17 11:15:39
